android/build/intermediates/manifest_merge_blame_file/debug/manifest-merger-blame-debug-report.txt
1<?xml version="1.0" encoding="utf-8"?>
2<manifest xmlns:android="http://schemas.android.com/apk/res/android"
3    package="pro.devsvc.android"
4    android:versionCode="1"
5    android:versionName="1.0" >
6
7    <uses-sdk
8        android:minSdkVersion="24"
8-->src\main\AndroidManifest.xml
9        android:targetSdkVersion="31" />
9-->src\main\AndroidManifest.xml
10
11    <application
11-->src\main\AndroidManifest.xml:3:5-13:19
12        android:allowBackup="false"
12-->src\main\AndroidManifest.xml:4:13-40
13        android:appComponentFactory="androidx.core.app.CoreComponentFactory"
13-->[androidx.core:core:1.5.0] AndroidManifest.xml:24:18-86
14        android:debuggable="true"
15        android:extractNativeLibs="false"
16        android:supportsRtl="true"
16-->src\main\AndroidManifest.xml:5:13-39
17        android:theme="@style/Theme.AppCompat.Light.NoActionBar" >
17-->src\main\AndroidManifest.xml:6:13-69
18        <activity
18-->src\main\AndroidManifest.xml:7:13-12:20
19            android:name="pro.devsvc.android.MainActivity"
19-->src\main\AndroidManifest.xml:7:23-51
20            android:exported="true" >
20-->src\main\AndroidManifest.xml:7:52-75
21            <intent-filter>
21-->src\main\AndroidManifest.xml:8:13-11:29
22                <action android:name="android.intent.action.MAIN" />
22-->src\main\AndroidManifest.xml:9:17-68
22-->src\main\AndroidManifest.xml:9:25-66
23
24                <category android:name="android.intent.category.LAUNCHER" />
24-->src\main\AndroidManifest.xml:10:17-76
24-->src\main\AndroidManifest.xml:10:27-74
25            </intent-filter>
26        </activity>
27
28        <provider
28-->[androidx.profileinstaller:profileinstaller:1.1.0-beta02] AndroidManifest.xml:26:9-34:20
29            android:name="androidx.startup.InitializationProvider"
29-->[androidx.profileinstaller:profileinstaller:1.1.0-beta02] AndroidManifest.xml:27:13-67
30            android:authorities="pro.devsvc.android.androidx-startup"
30-->[androidx.profileinstaller:profileinstaller:1.1.0-beta02] AndroidManifest.xml:28:13-68
31            android:exported="false" >
31-->[androidx.profileinstaller:profileinstaller:1.1.0-beta02] AndroidManifest.xml:29:13-37
32            <meta-data
32-->[androidx.profileinstaller:profileinstaller:1.1.0-beta02] AndroidManifest.xml:31:13-33:52
33                android:name="androidx.profileinstaller.ProfileInstallerInitializer"
33-->[androidx.profileinstaller:profileinstaller:1.1.0-beta02] AndroidManifest.xml:32:17-85
34                android:value="androidx.startup" />
34-->[androidx.profileinstaller:profileinstaller:1.1.0-beta02] AndroidManifest.xml:33:17-49
35        </provider>
36
37        <receiver
37-->[androidx.profileinstaller:profileinstaller:1.1.0-beta02] AndroidManifest.xml:36:9-45:20
38            android:name="androidx.profileinstaller.ProfileInstallReceiver"
38-->[androidx.profileinstaller:profileinstaller:1.1.0-beta02] AndroidManifest.xml:37:13-76
39            android:directBootAware="false"
39-->[androidx.profileinstaller:profileinstaller:1.1.0-beta02] AndroidManifest.xml:38:13-44
40            android:enabled="true"
40-->[androidx.profileinstaller:profileinstaller:1.1.0-beta02] AndroidManifest.xml:39:13-35
41            android:exported="true"
41-->[androidx.profileinstaller:profileinstaller:1.1.0-beta02] AndroidManifest.xml:40:13-36
42            android:permission="android.permission.DUMP" >
42-->[androidx.profileinstaller:profileinstaller:1.1.0-beta02] AndroidManifest.xml:41:13-57
43            <intent-filter>
43-->[androidx.profileinstaller:profileinstaller:1.1.0-beta02] AndroidManifest.xml:42:13-44:29
44                <action android:name="androidx.profileinstaller.action.INSTALL_PROFILE" />
44-->[androidx.profileinstaller:profileinstaller:1.1.0-beta02] AndroidManifest.xml:43:17-91
44-->[androidx.profileinstaller:profileinstaller:1.1.0-beta02] AndroidManifest.xml:43:25-88
45            </intent-filter>
46        </receiver>
47    </application>
48
49</manifest>